exception 'ErrorException' with message 'preg_match() expects parameter 2 to be string, array given' in /Users/erik/Dropbox/dev/td/_app/vendor/Lex/Parser.php:1267
Stack trace:
#0 [internal function]: Slim\Slim::handleErrors(2, 'preg_match() ex...', '/Users/erik/Dro...', 1267, Array)
#1 /Users/erik/Dropbox/dev/td/_app/vendor/Lex/Parser.php(1267): preg_match('/<\/(?:p|li|h1|...', Array)
#2 /Users/erik/Dropbox/dev/td/_app/vendor/Lex/Parser.php(232): Lex\Parser->getVariable('title|widont', Array, '__lex_no_value_...')
#3 /Users/erik/Dropbox/dev/td/_app/vendor/Lex/Parser.php(105): Lex\Parser->parseVariables(' <div class="er...', Array, Array)
#4 /Users/erik/Dropbox/dev/td/_app/core/view.php(80): Lex\Parser->parse(' <div class="er...', Array, Array, false)
#5 /Users/erik/Dropbox/dev/td/_app/vendor/Slim/View.php(195): Statamic_View->render(NULL)
#6 /Users/erik/Dropbox/dev/td/_app/vendor/Slim/View.php(182): Slim\View->fetch(NULL)
#7 /Users/erik/Dropbox/dev/td/_app/vendor/Slim/Slim.php(672): Slim\View->display(NULL)
#8 /Users/erik/Dropbox/dev/td/_app/routes.php(292): Slim\Slim->render(NULL, Array, 404)
#9 [internal function]: {closure}(Array)
#10 /Users/erik/Dropbox/dev/td/_app/vendor/Slim/Router.php(172): call_user_func_array(Object(Closure), Array)
#11 /Users/erik/Dropbox/dev/td/_app/vendor/Slim/Slim.php(1222): Slim\Router->dispatch(Object(Slim\Route))
#12 /Users/erik/Dropbox/dev/td/_app/vendor/Slim/Middleware/Flash.php(86): Slim\Slim->call()
#13 /Users/erik/Dropbox/dev/td/_app/vendor/Slim/Middleware/MethodOverride.php(94): Slim\Middleware\Flash->call()
#14 /Users/erik/Dropbox/dev/td/_app/vendor/Slim/Middleware/SessionCookie.php(116): Slim\Middleware\MethodOverride->call()
#15 /Users/erik/Dropbox/dev/td/_app/vendor/Slim/Middleware/PrettyExceptions.php(67): Slim\Middleware\SessionCookie->call()
#16 /Users/erik/Dropbox/dev/td/_app/vendor/Slim/Slim.php(1174): Slim\Middleware\PrettyExceptions->call()
#17 /Users/erik/Dropbox/dev/td/index.php(65): Slim\Slim->run()
#18 {main}
exception 'ErrorException' with message 'preg_match() expects parameter 2 to be string, array given' in /Users/erik/Dropbox/dev/td/_app/vendor/Lex/Parser.php:1267
Stack trace:
#0 [internal function]: Slim\Slim::handleErrors(2, 'preg_match() ex...', '/Users/erik/Dro...', 1267, Array)
#1 /Users/erik/Dropbox/dev/td/_app/vendor/Lex/Parser.php(1267): preg_match('/<\/(?:p|li|h1|...', Array)
#2 /Users/erik/Dropbox/dev/td/_app/vendor/Lex/Parser.php(232): Lex\Parser->getVariable('title|widont', Array, '__lex_no_value_...')
#3 /Users/erik/Dropbox/dev/td/_app/vendor/Lex/Parser.php(105): Lex\Parser->parseVariables(' <div class="er...', Array, Array)
#4 /Users/erik/Dropbox/dev/td/_app/core/view.php(80): Lex\Parser->parse(' <div class="er...', Array, Array, false)
#5 /Users/erik/Dropbox/dev/td/_app/vendor/Slim/View.php(195): Statamic_View->render(NULL)
#6 /Users/erik/Dropbox/dev/td/_app/vendor/Slim/View.php(182): Slim\View->fetch(NULL)
#7 /Users/erik/Dropbox/dev/td/_app/vendor/Slim/Slim.php(672): Slim\View->display(NULL)
#8 /Users/erik/Dropbox/dev/td/_app/routes.php(292): Slim\Slim->render(NULL, Array, 404)
#9 [internal function]: {closure}(Array)
#10 /Users/erik/Dropbox/dev/td/_app/vendor/Slim/Router.php(172): call_user_func_array(Object(Closure), Array)
#11 /Users/erik/Dropbox/dev/td/_app/vendor/Slim/Slim.php(1222): Slim\Router->dispatch(Object(Slim\Route))
#12 /Users/erik/Dropbox/dev/td/_app/vendor/Slim/Middleware/Flash.php(86): Slim\Slim->call()
#13 /Users/erik/Dropbox/dev/td/_app/vendor/Slim/Middleware/MethodOverride.php(94): Slim\Middleware\Flash->call()
#14 /Users/erik/Dropbox/dev/td/_app/vendor/Slim/Middleware/SessionCookie.php(116): Slim\Middleware\MethodOverride->call()
#15 /Users/erik/Dropbox/dev/td/_app/vendor/Slim/Middleware/PrettyExceptions.php(67): Slim\Middleware\SessionCookie->call()
#16 /Users/erik/Dropbox/dev/td/_app/vendor/Slim/Slim.php(1174): Slim\Middleware\PrettyExceptions->call()
#17 /Users/erik/Dropbox/dev/td/index.php(65): Slim\Slim->run()
#18 {main}
