ERROR|Wed, 16 Jul 2014 01:58:59 -0400|visitor|content|/rom-0|217.31.48.30||404 - Page not found. Visitor came directly to this page and may have typed the URL incorrectly.
ERROR|Wed, 16 Jul 2014 03:05:36 -0400|visitor|content|/index.asp?request=Ch&index=0|95.211.138.10||404 - Page not found. Visitor came directly to this page and may have typed the URL incorrectly.
ERROR|Wed, 16 Jul 2014 04:00:20 -0400|visitor|content|/robots.txt|157.55.39.75|live|404 - Page not found. Visitor came directly to this page and may have typed the URL incorrectly.
FATAL|Wed, 16 Jul 2014 08:00:46 -0400|core|file|/|75.141.205.25|live|finfo_file(/var/www/html/assets/img/my-vim.png): failed to open stream: Permission denied on line 321.
exception 'ErrorException' with message 'finfo_file(/var/www/html/assets/img/my-vim.png): failed to open stream: Permission denied' in /var/www/html/_app/core/api/file.php:321
Stack trace:
#0 [internal function]: Slim\Slim::handleErrors(2, 'finfo_file(/var...', '/var/www/html/_...', 321, Array)
#1 /var/www/html/_app/core/api/file.php(321): finfo_file(Resource id #229, '/var/www/html/a...')
#2 /var/www/html/_app/core/api/file.php(358): File::is(Array, '/var/www/html/a...')
#3 /var/www/html/_app/core/tags/transform/pi.transform.php(39): File::isImage('/var/www/html/a...')
#4 /var/www/html/_app/core/view.php(207): Plugin_transform->index()
#5 [internal function]: Statamic_View::callback('transform', Array, '')
#6 /var/www/html/_app/vendor/Lex/Parser.php(384): call_user_func_array('Statamic_View::...', Array)
#7 /var/www/html/_app/vendor/Lex/Parser.php(109): Lex\Parser->parseCallbackTags('<a class="fancy...', Array, 'Statamic_View::...')
#8 /var/www/html/_app/core/api/parse.php(40): Lex\Parser->parse('<a class="fancy...', Array, 'Statamic_View::...', false)
#9 /var/www/html/_app/core/tags/theme/pi.theme.php(28): Parse::template('<a class="fancy...', Array, 'Statamic_View::...')
#10 /var/www/html/_app/core/view.php(207): Plugin_theme->partial()
#11 [internal function]: Statamic_View::callback('theme:partial', Array, '')
#12 /var/www/html/_app/vendor/Lex/Parser.php(384): call_user_func_array(Array, Array)
#13 /var/www/html/_app/vendor/Lex/Parser.php(109): Lex\Parser->parseCallbackTags('<blockquote>?  ...', Array, Array)
#14 /var/www/html/_app/core/api/parse.php(40): Lex\Parser->parse('<blockquote>?  ...', Array, Array, false)
#15 /var/www/html/_app/core/api/content.php(53): Parse::template('<blockquote>?  ...', Array)
#16 /var/www/html/_app/core/contentset.php(566): Content::parse('> {{ theme:part...', Array)
#17 /var/www/html/_app/core/contentset.php(755): ContentSet->prepare(true)
#18 /var/www/html/_app/core/tags/entries/pi.entries.php(61): ContentSet->get(true)
#19 /var/www/html/_app/core/view.php(207): Plugin_entries->listing()
#20 [internal function]: Statamic_View->callback('entries:listing', Array, '? <div class="s...')
#21 /var/www/html/_app/vendor/Lex/Parser.php(384): call_user_func_array(Array, Array)
#22 /var/www/html/_app/vendor/Lex/Parser.php(109): Lex\Parser->parseCallbackTags('{{ entries:pagi...', Array, Array)
#23 /var/www/html/_app/core/view.php(80): Lex\Parser->parse('{{ entries:pagi...', Array, Array, false)
#24 /var/www/html/_app/vendor/Slim/View.php(195): Statamic_View->render(NULL)
#25 /var/www/html/_app/vendor/Slim/View.php(182): Slim\View->fetch(NULL)
#26 /var/www/html/_app/vendor/Slim/Slim.php(672): Slim\View->display(NULL)
#27 /var/www/html/_app/routes.php(366): Slim\Slim->render(NULL, Array, 200)
#28 [internal function]: {closure}()
#29 /var/www/html/_app/vendor/Slim/Router.php(172): call_user_func_array(Object(Closure), Array)
#30 /var/www/html/_app/vendor/Slim/Slim.php(1222): Slim\Router->dispatch(Object(Slim\Route))
#31 /var/www/html/_app/vendor/Slim/Middleware/Flash.php(86): Slim\Slim->call()
#32 /var/www/html/_app/vendor/Slim/Middleware/MethodOverride.php(94): Slim\Middleware\Flash->call()
#33 /var/www/html/_app/vendor/Slim/Middleware/PrettyExceptions.php(67): Slim\Middleware\MethodOverride->call()
#34 /var/www/html/_app/vendor/Slim/Slim.php(1174): Slim\Middleware\PrettyExceptions->call()
#35 /var/www/html/index.php(65): Slim\Slim->run()
#36 {main}
INFO|Wed, 16 Jul 2014 08:00:47 -0400|site|favicon|/favicon.ico|75.141.205.25|live|The site favicon could not be found.
FATAL|Wed, 16 Jul 2014 08:01:01 -0400|core|file|/|75.141.205.25|live|finfo_file(/var/www/html/assets/img/my-vim.png): failed to open stream: Permission denied on line 321.
exception 'ErrorException' with message 'finfo_file(/var/www/html/assets/img/my-vim.png): failed to open stream: Permission denied' in /var/www/html/_app/core/api/file.php:321
Stack trace:
#0 [internal function]: Slim\Slim::handleErrors(2, 'finfo_file(/var...', '/var/www/html/_...', 321, Array)
#1 /var/www/html/_app/core/api/file.php(321): finfo_file(Resource id #227, '/var/www/html/a...')
#2 /var/www/html/_app/core/api/file.php(358): File::is(Array, '/var/www/html/a...')
#3 /var/www/html/_app/core/tags/transform/pi.transform.php(39): File::isImage('/var/www/html/a...')
#4 /var/www/html/_app/core/view.php(207): Plugin_transform->index()
#5 [internal function]: Statamic_View::callback('transform', Array, '')
#6 /var/www/html/_app/vendor/Lex/Parser.php(384): call_user_func_array('Statamic_View::...', Array)
#7 /var/www/html/_app/vendor/Lex/Parser.php(109): Lex\Parser->parseCallbackTags('<a class="fancy...', Array, 'Statamic_View::...')
#8 /var/www/html/_app/core/api/parse.php(40): Lex\Parser->parse('<a class="fancy...', Array, 'Statamic_View::...', false)
#9 /var/www/html/_app/core/tags/theme/pi.theme.php(28): Parse::template('<a class="fancy...', Array, 'Statamic_View::...')
#10 /var/www/html/_app/core/view.php(207): Plugin_theme->partial()
#11 [internal function]: Statamic_View::callback('theme:partial', Array, '')
#12 /var/www/html/_app/vendor/Lex/Parser.php(384): call_user_func_array(Array, Array)
#13 /var/www/html/_app/vendor/Lex/Parser.php(109): Lex\Parser->parseCallbackTags('<blockquote>?  ...', Array, Array)
#14 /var/www/html/_app/core/api/parse.php(40): Lex\Parser->parse('<blockquote>?  ...', Array, Array, false)
#15 /var/www/html/_app/core/api/content.php(53): Parse::template('<blockquote>?  ...', Array)
#16 /var/www/html/_app/core/contentset.php(566): Content::parse('> {{ theme:part...', Array)
#17 /var/www/html/_app/core/contentset.php(755): ContentSet->prepare(true)
#18 /var/www/html/_app/core/tags/entries/pi.entries.php(61): ContentSet->get(true)
#19 /var/www/html/_app/core/view.php(207): Plugin_entries->listing()
#20 [internal function]: Statamic_View->callback('entries:listing', Array, '? <div class="s...')
#21 /var/www/html/_app/vendor/Lex/Parser.php(384): call_user_func_array(Array, Array)
#22 /var/www/html/_app/vendor/Lex/Parser.php(109): Lex\Parser->parseCallbackTags('{{ entries:pagi...', Array, Array)
#23 /var/www/html/_app/core/view.php(80): Lex\Parser->parse('{{ entries:pagi...', Array, Array, false)
#24 /var/www/html/_app/vendor/Slim/View.php(195): Statamic_View->render(NULL)
#25 /var/www/html/_app/vendor/Slim/View.php(182): Slim\View->fetch(NULL)
#26 /var/www/html/_app/vendor/Slim/Slim.php(672): Slim\View->display(NULL)
#27 /var/www/html/_app/routes.php(366): Slim\Slim->render(NULL, Array, 200)
#28 [internal function]: {closure}()
#29 /var/www/html/_app/vendor/Slim/Router.php(172): call_user_func_array(Object(Closure), Array)
#30 /var/www/html/_app/vendor/Slim/Slim.php(1222): Slim\Router->dispatch(Object(Slim\Route))
#31 /var/www/html/_app/vendor/Slim/Middleware/Flash.php(86): Slim\Slim->call()
#32 /var/www/html/_app/vendor/Slim/Middleware/MethodOverride.php(94): Slim\Middleware\Flash->call()
#33 /var/www/html/_app/vendor/Slim/Middleware/PrettyExceptions.php(67): Slim\Middleware\MethodOverride->call()
#34 /var/www/html/_app/vendor/Slim/Slim.php(1174): Slim\Middleware\PrettyExceptions->call()
#35 /var/www/html/index.php(65): Slim\Slim->run()
#36 {main}
