exception 'Lex\ParsingException' with message 'You have a syntax error in your Lex tags. The offending code: if ('erik' == "erik"): 
<div class="fancy-quote erik">
  {{ quote|markdown|smartypants }}
</div>
elseif ('erik' == "gabe"): 
<div class="fancy-quote gabe">
  {{ quote|markdown|smartypants }}
</div>
{{ endif ' in /Users/erik/Dropbox/dev/td/_app/vendor/Lex/Parser.php:1313
Stack trace:
#0 /Users/erik/Dropbox/dev/td/_app/vendor/Lex/Parser.php(655): Lex\Parser->parsePhp('<?php if ('erik...')
#1 /Users/erik/Dropbox/dev/td/_app/vendor/Lex/Parser.php(103): Lex\Parser->parseConditionals('{{ if person ==...', Array, 'Statamic_View::...')
#2 /Users/erik/Dropbox/dev/td/_app/core/api/parse.php(40): Lex\Parser->parse('{{ if person ==...', Array, 'Statamic_View::...', false)
#3 /Users/erik/Dropbox/dev/td/_app/core/tags/theme/pi.theme.php(26): Parse::template('{{ if person ==...', Array, 'Statamic_View::...')
#4 /Users/erik/Dropbox/dev/td/_app/core/view.php(210): Plugin_theme->partial()
#5 [internal function]: Statamic_View::callback('theme:partial', Array, '')
#6 /Users/erik/Dropbox/dev/td/_app/vendor/Lex/Parser.php(381): call_user_func_array(Array, Array)
#7 /Users/erik/Dropbox/dev/td/_app/vendor/Lex/Parser.php(109): Lex\Parser->parseCallbackTags('<blockquote>?  ...', Array, Array)
#8 /Users/erik/Dropbox/dev/td/_app/core/api/parse.php(40): Lex\Parser->parse('<blockquote>?  ...', Array, Array, false)
#9 /Users/erik/Dropbox/dev/td/_app/core/api/content.php(53): Parse::template('<blockquote>?  ...', Array)
#10 /Users/erik/Dropbox/dev/td/_app/core/contentset.php(507): Content::parse('> #### Producer...', Array)
#11 /Users/erik/Dropbox/dev/td/_app/core/contentset.php(660): ContentSet->prepare(true)
#12 /Users/erik/Dropbox/dev/td/_app/core/tags/entries/pi.entries.php(83): ContentSet->get(true)
#13 /Users/erik/Dropbox/dev/td/_app/core/view.php(210): Plugin_entries->listing()
#14 [internal function]: Statamic_View->callback('entries:listing', Array, '? <div class="s...')
#15 /Users/erik/Dropbox/dev/td/_app/vendor/Lex/Parser.php(381): call_user_func_array(Array, Array)
#16 /Users/erik/Dropbox/dev/td/_app/vendor/Lex/Parser.php(109): Lex\Parser->parseCallbackTags('{{ entries:pagi...', Array, Array)
#17 /Users/erik/Dropbox/dev/td/_app/core/view.php(80): Lex\Parser->parse('{{ entries:pagi...', Array, Array, false)
#18 /Users/erik/Dropbox/dev/td/_app/vendor/Slim/View.php(195): Statamic_View->render(NULL)
#19 /Users/erik/Dropbox/dev/td/_app/vendor/Slim/View.php(182): Slim\View->fetch(NULL)
#20 /Users/erik/Dropbox/dev/td/_app/vendor/Slim/Slim.php(672): Slim\View->display(NULL)
#21 /Users/erik/Dropbox/dev/td/_app/routes.php(292): Slim\Slim->render(NULL, Array, 200)
#22 [internal function]: {closure}()
#23 /Users/erik/Dropbox/dev/td/_app/vendor/Slim/Router.php(172): call_user_func_array(Object(Closure), Array)
#24 /Users/erik/Dropbox/dev/td/_app/vendor/Slim/Slim.php(1222): Slim\Router->dispatch(Object(Slim\Route))
#25 /Users/erik/Dropbox/dev/td/_app/vendor/Slim/Middleware/Flash.php(86): Slim\Slim->call()
#26 /Users/erik/Dropbox/dev/td/_app/vendor/Slim/Middleware/MethodOverride.php(94): Slim\Middleware\Flash->call()
#27 /Users/erik/Dropbox/dev/td/_app/vendor/Slim/Middleware/SessionCookie.php(116): Slim\Middleware\MethodOverride->call()
#28 /Users/erik/Dropbox/dev/td/_app/vendor/Slim/Middleware/PrettyExceptions.php(67): Slim\Middleware\SessionCookie->call()
#29 /Users/erik/Dropbox/dev/td/_app/vendor/Slim/Slim.php(1174): Slim\Middleware\PrettyExceptions->call()
#30 /Users/erik/Dropbox/dev/td/index.php(65): Slim\Slim->run()
#31 {main}
ERROR|Wed, 20 Nov 2013 11:50:00 -0500|page|content|/robots.txt|62.24.181.134||404 - Page not found. There is a bad link on <a href="/robots.txt">/robots.txt</a>.
FATAL|Wed, 20 Nov 2013 11:50:00 -0500|template||/robots.txt|62.24.181.134||Can't find the specified theme
FATAL|Wed, 20 Nov 2013 11:50:05 -0500|template||/|24.182.25.222||Can't find the specified theme
INFO|Wed, 20 Nov 2013 11:50:06 -0500|site|favicon|/favicon.ico|24.182.25.222||The site favicon could not be found.
FATAL|Wed, 20 Nov 2013 11:50:06 -0500|template||/favicon.ico|24.182.25.222||Can't find the specified theme
FATAL|Wed, 20 Nov 2013 11:50:39 -0500|template||/episodes/055-ethernetworking|97.101.251.101||Can't find the specified theme
