exception 'Lex\ParsingException' with message 'You have a syntax error in your Lex tags. The offending code: 
      if (null): 
        {{ redirect url="/404" }}
      else: 
      <li>
        <a class="permalink" href="{{ url }}">
          <h2 class="show-number">&minus;&nbsp;{{ number }}&nbsp;&minus;</h2>
          <h2 class="show-title"> {{ title|widont }}</h2>
          <p class="show-date"> {{ datestamp format="F jS, Y" }}</p>
          <p class="summary">{{ summary }}</p>
          if (true): 
            <p class="type">{{ type_list }}</p>
          endif; 

          if (true): 
            <p class="people">{{ people_list }}</p>
          endif; 
            
          if (true): 
            <p class="topics">{{ topics_list }}</p>
          endif; 
        </a>
      </li>
    ' in /Users/erik/Dropbox/dev/td/_app/vendor/Lex/Parser.php:1313
Stack trace:
#0 /Users/erik/Dropbox/dev/td/_app/vendor/Lex/Parser.php(655): Lex\Parser->parsePhp('?      <?php if...')
#1 /Users/erik/Dropbox/dev/td/_app/vendor/Lex/Parser.php(103): Lex\Parser->parseConditionals('?      {{ if no...', Array, Array)
#2 /Users/erik/Dropbox/dev/td/_app/core/api/parse.php(40): Lex\Parser->parse('?      {{ if no...', Array, Array, false)
#3 /Users/erik/Dropbox/dev/td/_app/core/api/parse.php(71): Parse::template('?      {{ if no...', Array)
#4 /Users/erik/Dropbox/dev/td/_app/core/tags/entries/pi.entries.php(83): Parse::tagLoop('?      {{ if no...', Array)
#5 /Users/erik/Dropbox/dev/td/_app/core/view.php(210): Plugin_entries->listing()
#6 [internal function]: Statamic_View->callback('entries:listing', Array, '?      {{ if no...')
#7 /Users/erik/Dropbox/dev/td/_app/vendor/Lex/Parser.php(381): call_user_func_array(Array, Array)
#8 /Users/erik/Dropbox/dev/td/_app/vendor/Lex/Parser.php(109): Lex\Parser->parseCallbackTags('<script src="//...', Array, Array)
#9 /Users/erik/Dropbox/dev/td/_app/core/view.php(80): Lex\Parser->parse('<script src="//...', Array, Array, false)
#10 /Users/erik/Dropbox/dev/td/_app/vendor/Slim/View.php(195): Statamic_View->render(NULL)
#11 /Users/erik/Dropbox/dev/td/_app/vendor/Slim/View.php(182): Slim\View->fetch(NULL)
#12 /Users/erik/Dropbox/dev/td/_app/vendor/Slim/Slim.php(672): Slim\View->display(NULL)
#13 /Users/erik/Dropbox/dev/td/_app/routes.php(292): Slim\Slim->render(NULL, Array, 200)
#14 [internal function]: {closure}(Array)
#15 /Users/erik/Dropbox/dev/td/_app/vendor/Slim/Router.php(172): call_user_func_array(Object(Closure), Array)
#16 /Users/erik/Dropbox/dev/td/_app/vendor/Slim/Slim.php(1222): Slim\Router->dispatch(Object(Slim\Route))
#17 /Users/erik/Dropbox/dev/td/_app/vendor/Slim/Middleware/Flash.php(86): Slim\Slim->call()
#18 /Users/erik/Dropbox/dev/td/_app/vendor/Slim/Middleware/MethodOverride.php(94): Slim\Middleware\Flash->call()
#19 /Users/erik/Dropbox/dev/td/_app/vendor/Slim/Middleware/SessionCookie.php(116): Slim\Middleware\MethodOverride->call()
#20 /Users/erik/Dropbox/dev/td/_app/vendor/Slim/Middleware/PrettyExceptions.php(67): Slim\Middleware\SessionCookie->call()
#21 /Users/erik/Dropbox/dev/td/_app/vendor/Slim/Slim.php(1174): Slim\Middleware\PrettyExceptions->call()
#22 /Users/erik/Dropbox/dev/td/index.php(65): Slim\Slim->run()
#23 {main}
