FATAL|Tue, 22 Apr 2014 19:41:50 -0400|Intervention|Image|/|75.141.205.25|live|Use of undefined constant IMG_PNG - assumed 'IMG_PNG' on line 1479.
exception 'ErrorException' with message 'Use of undefined constant IMG_PNG - assumed 'IMG_PNG'' in /var/www/html/_app/vendor/Intervention/Image/Image.php:1479
Stack trace:
#0 /var/www/html/_app/vendor/Intervention/Image/Image.php(1479): Slim\Slim::handleErrors(8, 'Use of undefine...', '/var/www/html/_...', 1479, Array)
#1 /var/www/html/_app/vendor/Intervention/Image/Image.php(196): Intervention\Image\Image->setImageInfoFromPath('/var/www/html/a...')
#2 /var/www/html/_app/vendor/Intervention/Image/Image.php(113): Intervention\Image\Image->initFromPath('/var/www/html/a...')
#3 /var/www/html/_app/vendor/Intervention/Image/Image.php(131): Intervention\Image\Image->__construct('/var/www/html/a...')
#4 /var/www/html/_app/core/tags/transform/pi.transform.php(186): Intervention\Image\Image::make('/var/www/html/a...')
#5 /var/www/html/_app/core/view.php(207): Plugin_transform->index()
#6 [internal function]: Statamic_View::callback('transform', Array, '')
#7 /var/www/html/_app/vendor/Lex/Parser.php(384): call_user_func_array('Statamic_View::...', Array)
#8 /var/www/html/_app/vendor/Lex/Parser.php(109): Lex\Parser->parseCallbackTags('<a class="fancy...', Array, 'Statamic_View::...')
#9 /var/www/html/_app/core/api/parse.php(40): Lex\Parser->parse('<a class="fancy...', Array, 'Statamic_View::...', false)
#10 /var/www/html/_app/core/tags/theme/pi.theme.php(28): Parse::template('<a class="fancy...', Array, 'Statamic_View::...')
#11 /var/www/html/_app/core/view.php(207): Plugin_theme->partial()
#12 [internal function]: Statamic_View::callback('theme:partial', Array, '')
#13 /var/www/html/_app/vendor/Lex/Parser.php(384): call_user_func_array(Array, Array)
#14 /var/www/html/_app/vendor/Lex/Parser.php(109): Lex\Parser->parseCallbackTags('<p>{{ theme:par...', Array, Array)
#15 /var/www/html/_app/core/api/parse.php(40): Lex\Parser->parse('<p>{{ theme:par...', Array, Array, false)
#16 /var/www/html/_app/core/api/content.php(53): Parse::template('<p>{{ theme:par...', Array)
#17 /var/www/html/_app/core/contentset.php(566): Content::parse('{{ theme:partia...', Array)
#18 /var/www/html/_app/core/contentset.php(755): ContentSet->prepare(true)
#19 /var/www/html/_app/core/tags/entries/pi.entries.php(61): ContentSet->get(true)
#20 /var/www/html/_app/core/view.php(207): Plugin_entries->listing()
#21 [internal function]: Statamic_View->callback('entries:listing', Array, '? <div class="s...')
#22 /var/www/html/_app/vendor/Lex/Parser.php(384): call_user_func_array(Array, Array)
#23 /var/www/html/_app/vendor/Lex/Parser.php(109): Lex\Parser->parseCallbackTags('{{ entries:pagi...', Array, Array)
#24 /var/www/html/_app/core/view.php(80): Lex\Parser->parse('{{ entries:pagi...', Array, Array, false)
#25 /var/www/html/_app/vendor/Slim/View.php(195): Statamic_View->render(NULL)
#26 /var/www/html/_app/vendor/Slim/View.php(182): Slim\View->fetch(NULL)
#27 /var/www/html/_app/vendor/Slim/Slim.php(672): Slim\View->display(NULL)
#28 /var/www/html/_app/routes.php(366): Slim\Slim->render(NULL, Array, 200)
#29 [internal function]: {closure}()
#30 /var/www/html/_app/vendor/Slim/Router.php(172): call_user_func_array(Object(Closure), Array)
#31 /var/www/html/_app/vendor/Slim/Slim.php(1222): Slim\Router->dispatch(Object(Slim\Route))
#32 /var/www/html/_app/vendor/Slim/Middleware/Flash.php(86): Slim\Slim->call()
#33 /var/www/html/_app/vendor/Slim/Middleware/MethodOverride.php(94): Slim\Middleware\Flash->call()
#34 /var/www/html/_app/vendor/Slim/Middleware/PrettyExceptions.php(67): Slim\Middleware\MethodOverride->call()
#35 /var/www/html/_app/vendor/Slim/Slim.php(1174): Slim\Middleware\PrettyExceptions->call()
#36 /var/www/html/index.php(65): Slim\Slim->run()
#37 {main}
FATAL|Tue, 22 Apr 2014 19:41:59 -0400|Intervention|Image|/|75.141.205.25|live|Use of undefined constant IMG_PNG - assumed 'IMG_PNG' on line 1479.
exception 'ErrorException' with message 'Use of undefined constant IMG_PNG - assumed 'IMG_PNG'' in /var/www/html/_app/vendor/Intervention/Image/Image.php:1479
Stack trace:
#0 /var/www/html/_app/vendor/Intervention/Image/Image.php(1479): Slim\Slim::handleErrors(8, 'Use of undefine...', '/var/www/html/_...', 1479, Array)
#1 /var/www/html/_app/vendor/Intervention/Image/Image.php(196): Intervention\Image\Image->setImageInfoFromPath('/var/www/html/a...')
#2 /var/www/html/_app/vendor/Intervention/Image/Image.php(113): Intervention\Image\Image->initFromPath('/var/www/html/a...')
#3 /var/www/html/_app/vendor/Intervention/Image/Image.php(131): Intervention\Image\Image->__construct('/var/www/html/a...')
#4 /var/www/html/_app/core/tags/transform/pi.transform.php(186): Intervention\Image\Image::make('/var/www/html/a...')
#5 /var/www/html/_app/core/view.php(207): Plugin_transform->index()
#6 [internal function]: Statamic_View::callback('transform', Array, '')
#7 /var/www/html/_app/vendor/Lex/Parser.php(384): call_user_func_array('Statamic_View::...', Array)
#8 /var/www/html/_app/vendor/Lex/Parser.php(109): Lex\Parser->parseCallbackTags('<a class="fancy...', Array, 'Statamic_View::...')
#9 /var/www/html/_app/core/api/parse.php(40): Lex\Parser->parse('<a class="fancy...', Array, 'Statamic_View::...', false)
#10 /var/www/html/_app/core/tags/theme/pi.theme.php(28): Parse::template('<a class="fancy...', Array, 'Statamic_View::...')
#11 /var/www/html/_app/core/view.php(207): Plugin_theme->partial()
#12 [internal function]: Statamic_View::callback('theme:partial', Array, '')
#13 /var/www/html/_app/vendor/Lex/Parser.php(384): call_user_func_array(Array, Array)
#14 /var/www/html/_app/vendor/Lex/Parser.php(109): Lex\Parser->parseCallbackTags('<p>{{ theme:par...', Array, Array)
#15 /var/www/html/_app/core/api/parse.php(40): Lex\Parser->parse('<p>{{ theme:par...', Array, Array, false)
#16 /var/www/html/_app/core/api/content.php(53): Parse::template('<p>{{ theme:par...', Array)
#17 /var/www/html/_app/core/contentset.php(566): Content::parse('{{ theme:partia...', Array)
#18 /var/www/html/_app/core/contentset.php(755): ContentSet->prepare(true)
#19 /var/www/html/_app/core/tags/entries/pi.entries.php(61): ContentSet->get(true)
#20 /var/www/html/_app/core/view.php(207): Plugin_entries->listing()
#21 [internal function]: Statamic_View->callback('entries:listing', Array, '? <div class="s...')
#22 /var/www/html/_app/vendor/Lex/Parser.php(384): call_user_func_array(Array, Array)
#23 /var/www/html/_app/vendor/Lex/Parser.php(109): Lex\Parser->parseCallbackTags('{{ entries:pagi...', Array, Array)
#24 /var/www/html/_app/core/view.php(80): Lex\Parser->parse('{{ entries:pagi...', Array, Array, false)
#25 /var/www/html/_app/vendor/Slim/View.php(195): Statamic_View->render(NULL)
#26 /var/www/html/_app/vendor/Slim/View.php(182): Slim\View->fetch(NULL)
#27 /var/www/html/_app/vendor/Slim/Slim.php(672): Slim\View->display(NULL)
#28 /var/www/html/_app/routes.php(366): Slim\Slim->render(NULL, Array, 200)
#29 [internal function]: {closure}()
#30 /var/www/html/_app/vendor/Slim/Router.php(172): call_user_func_array(Object(Closure), Array)
#31 /var/www/html/_app/vendor/Slim/Slim.php(1222): Slim\Router->dispatch(Object(Slim\Route))
#32 /var/www/html/_app/vendor/Slim/Middleware/Flash.php(86): Slim\Slim->call()
#33 /var/www/html/_app/vendor/Slim/Middleware/MethodOverride.php(94): Slim\Middleware\Flash->call()
#34 /var/www/html/_app/vendor/Slim/Middleware/PrettyExceptions.php(67): Slim\Middleware\MethodOverride->call()
#35 /var/www/html/_app/vendor/Slim/Slim.php(1174): Slim\Middleware\PrettyExceptions->call()
#36 /var/www/html/index.php(65): Slim\Slim->run()
#37 {main}
FATAL|Tue, 22 Apr 2014 19:43:55 -0400|Intervention|Image|/|75.141.205.25|live|Use of undefined constant IMG_PNG - assumed 'IMG_PNG' on line 1479.
exception 'ErrorException' with message 'Use of undefined constant IMG_PNG - assumed 'IMG_PNG'' in /var/www/html/_app/vendor/Intervention/Image/Image.php:1479
Stack trace:
#0 /var/www/html/_app/vendor/Intervention/Image/Image.php(1479): Slim\Slim::handleErrors(8, 'Use of undefine...', '/var/www/html/_...', 1479, Array)
#1 /var/www/html/_app/vendor/Intervention/Image/Image.php(196): Intervention\Image\Image->setImageInfoFromPath('/var/www/html/a...')
#2 /var/www/html/_app/vendor/Intervention/Image/Image.php(113): Intervention\Image\Image->initFromPath('/var/www/html/a...')
#3 /var/www/html/_app/vendor/Intervention/Image/Image.php(131): Intervention\Image\Image->__construct('/var/www/html/a...')
#4 /var/www/html/_app/core/tags/transform/pi.transform.php(186): Intervention\Image\Image::make('/var/www/html/a...')
#5 /var/www/html/_app/core/view.php(207): Plugin_transform->index()
#6 [internal function]: Statamic_View::callback('transform', Array, '')
#7 /var/www/html/_app/vendor/Lex/Parser.php(384): call_user_func_array('Statamic_View::...', Array)
#8 /var/www/html/_app/vendor/Lex/Parser.php(109): Lex\Parser->parseCallbackTags('<a class="fancy...', Array, 'Statamic_View::...')
#9 /var/www/html/_app/core/api/parse.php(40): Lex\Parser->parse('<a class="fancy...', Array, 'Statamic_View::...', false)
#10 /var/www/html/_app/core/tags/theme/pi.theme.php(28): Parse::template('<a class="fancy...', Array, 'Statamic_View::...')
#11 /var/www/html/_app/core/view.php(207): Plugin_theme->partial()
#12 [internal function]: Statamic_View::callback('theme:partial', Array, '')
#13 /var/www/html/_app/vendor/Lex/Parser.php(384): call_user_func_array(Array, Array)
#14 /var/www/html/_app/vendor/Lex/Parser.php(109): Lex\Parser->parseCallbackTags('<p>{{ theme:par...', Array, Array)
#15 /var/www/html/_app/core/api/parse.php(40): Lex\Parser->parse('<p>{{ theme:par...', Array, Array, false)
#16 /var/www/html/_app/core/api/content.php(53): Parse::template('<p>{{ theme:par...', Array)
#17 /var/www/html/_app/core/contentset.php(566): Content::parse('{{ theme:partia...', Array)
#18 /var/www/html/_app/core/contentset.php(755): ContentSet->prepare(true)
#19 /var/www/html/_app/core/tags/entries/pi.entries.php(61): ContentSet->get(true)
#20 /var/www/html/_app/core/view.php(207): Plugin_entries->listing()
#21 [internal function]: Statamic_View->callback('entries:listing', Array, '? <div class="s...')
#22 /var/www/html/_app/vendor/Lex/Parser.php(384): call_user_func_array(Array, Array)
#23 /var/www/html/_app/vendor/Lex/Parser.php(109): Lex\Parser->parseCallbackTags('{{ entries:pagi...', Array, Array)
#24 /var/www/html/_app/core/view.php(80): Lex\Parser->parse('{{ entries:pagi...', Array, Array, false)
#25 /var/www/html/_app/vendor/Slim/View.php(195): Statamic_View->render(NULL)
#26 /var/www/html/_app/vendor/Slim/View.php(182): Slim\View->fetch(NULL)
#27 /var/www/html/_app/vendor/Slim/Slim.php(672): Slim\View->display(NULL)
#28 /var/www/html/_app/routes.php(366): Slim\Slim->render(NULL, Array, 200)
#29 [internal function]: {closure}()
#30 /var/www/html/_app/vendor/Slim/Router.php(172): call_user_func_array(Object(Closure), Array)
#31 /var/www/html/_app/vendor/Slim/Slim.php(1222): Slim\Router->dispatch(Object(Slim\Route))
#32 /var/www/html/_app/vendor/Slim/Middleware/Flash.php(86): Slim\Slim->call()
#33 /var/www/html/_app/vendor/Slim/Middleware/MethodOverride.php(94): Slim\Middleware\Flash->call()
#34 /var/www/html/_app/vendor/Slim/Middleware/PrettyExceptions.php(67): Slim\Middleware\MethodOverride->call()
#35 /var/www/html/_app/vendor/Slim/Slim.php(1174): Slim\Middleware\PrettyExceptions->call()
#36 /var/www/html/index.php(65): Slim\Slim->run()
#37 {main}
FATAL|Tue, 22 Apr 2014 19:43:57 -0400|Intervention|Image|/|75.141.205.25|live|Use of undefined constant IMG_PNG - assumed 'IMG_PNG' on line 1479.
exception 'ErrorException' with message 'Use of undefined constant IMG_PNG - assumed 'IMG_PNG'' in /var/www/html/_app/vendor/Intervention/Image/Image.php:1479
Stack trace:
#0 /var/www/html/_app/vendor/Intervention/Image/Image.php(1479): Slim\Slim::handleErrors(8, 'Use of undefine...', '/var/www/html/_...', 1479, Array)
#1 /var/www/html/_app/vendor/Intervention/Image/Image.php(196): Intervention\Image\Image->setImageInfoFromPath('/var/www/html/a...')
#2 /var/www/html/_app/vendor/Intervention/Image/Image.php(113): Intervention\Image\Image->initFromPath('/var/www/html/a...')
#3 /var/www/html/_app/vendor/Intervention/Image/Image.php(131): Intervention\Image\Image->__construct('/var/www/html/a...')
#4 /var/www/html/_app/core/tags/transform/pi.transform.php(186): Intervention\Image\Image::make('/var/www/html/a...')
#5 /var/www/html/_app/core/view.php(207): Plugin_transform->index()
#6 [internal function]: Statamic_View::callback('transform', Array, '')
#7 /var/www/html/_app/vendor/Lex/Parser.php(384): call_user_func_array('Statamic_View::...', Array)
#8 /var/www/html/_app/vendor/Lex/Parser.php(109): Lex\Parser->parseCallbackTags('<a class="fancy...', Array, 'Statamic_View::...')
#9 /var/www/html/_app/core/api/parse.php(40): Lex\Parser->parse('<a class="fancy...', Array, 'Statamic_View::...', false)
#10 /var/www/html/_app/core/tags/theme/pi.theme.php(28): Parse::template('<a class="fancy...', Array, 'Statamic_View::...')
#11 /var/www/html/_app/core/view.php(207): Plugin_theme->partial()
#12 [internal function]: Statamic_View::callback('theme:partial', Array, '')
#13 /var/www/html/_app/vendor/Lex/Parser.php(384): call_user_func_array(Array, Array)
#14 /var/www/html/_app/vendor/Lex/Parser.php(109): Lex\Parser->parseCallbackTags('<p>{{ theme:par...', Array, Array)
#15 /var/www/html/_app/core/api/parse.php(40): Lex\Parser->parse('<p>{{ theme:par...', Array, Array, false)
#16 /var/www/html/_app/core/api/content.php(53): Parse::template('<p>{{ theme:par...', Array)
#17 /var/www/html/_app/core/contentset.php(566): Content::parse('{{ theme:partia...', Array)
#18 /var/www/html/_app/core/contentset.php(755): ContentSet->prepare(true)
#19 /var/www/html/_app/core/tags/entries/pi.entries.php(61): ContentSet->get(true)
#20 /var/www/html/_app/core/view.php(207): Plugin_entries->listing()
#21 [internal function]: Statamic_View->callback('entries:listing', Array, '? <div class="s...')
#22 /var/www/html/_app/vendor/Lex/Parser.php(384): call_user_func_array(Array, Array)
#23 /var/www/html/_app/vendor/Lex/Parser.php(109): Lex\Parser->parseCallbackTags('{{ entries:pagi...', Array, Array)
#24 /var/www/html/_app/core/view.php(80): Lex\Parser->parse('{{ entries:pagi...', Array, Array, false)
#25 /var/www/html/_app/vendor/Slim/View.php(195): Statamic_View->render(NULL)
#26 /var/www/html/_app/vendor/Slim/View.php(182): Slim\View->fetch(NULL)
#27 /var/www/html/_app/vendor/Slim/Slim.php(672): Slim\View->display(NULL)
#28 /var/www/html/_app/routes.php(366): Slim\Slim->render(NULL, Array, 200)
#29 [internal function]: {closure}()
#30 /var/www/html/_app/vendor/Slim/Router.php(172): call_user_func_array(Object(Closure), Array)
#31 /var/www/html/_app/vendor/Slim/Slim.php(1222): Slim\Router->dispatch(Object(Slim\Route))
#32 /var/www/html/_app/vendor/Slim/Middleware/Flash.php(86): Slim\Slim->call()
#33 /var/www/html/_app/vendor/Slim/Middleware/MethodOverride.php(94): Slim\Middleware\Flash->call()
#34 /var/www/html/_app/vendor/Slim/Middleware/PrettyExceptions.php(67): Slim\Middleware\MethodOverride->call()
#35 /var/www/html/_app/vendor/Slim/Slim.php(1174): Slim\Middleware\PrettyExceptions->call()
#36 /var/www/html/index.php(65): Slim\Slim->run()
#37 {main}
FATAL|Tue, 22 Apr 2014 19:45:42 -0400|Intervention|Image|/|75.141.205.25|live|Use of undefined constant IMG_PNG - assumed 'IMG_PNG' on line 1479.
exception 'ErrorException' with message 'Use of undefined constant IMG_PNG - assumed 'IMG_PNG'' in /var/www/html/_app/vendor/Intervention/Image/Image.php:1479
Stack trace:
#0 /var/www/html/_app/vendor/Intervention/Image/Image.php(1479): Slim\Slim::handleErrors(8, 'Use of undefine...', '/var/www/html/_...', 1479, Array)
#1 /var/www/html/_app/vendor/Intervention/Image/Image.php(196): Intervention\Image\Image->setImageInfoFromPath('/var/www/html/a...')
#2 /var/www/html/_app/vendor/Intervention/Image/Image.php(113): Intervention\Image\Image->initFromPath('/var/www/html/a...')
#3 /var/www/html/_app/vendor/Intervention/Image/Image.php(131): Intervention\Image\Image->__construct('/var/www/html/a...')
#4 /var/www/html/_app/core/tags/transform/pi.transform.php(186): Intervention\Image\Image::make('/var/www/html/a...')
#5 /var/www/html/_app/core/view.php(207): Plugin_transform->index()
#6 [internal function]: Statamic_View::callback('transform', Array, '')
#7 /var/www/html/_app/vendor/Lex/Parser.php(384): call_user_func_array('Statamic_View::...', Array)
#8 /var/www/html/_app/vendor/Lex/Parser.php(109): Lex\Parser->parseCallbackTags('<a class="fancy...', Array, 'Statamic_View::...')
#9 /var/www/html/_app/core/api/parse.php(40): Lex\Parser->parse('<a class="fancy...', Array, 'Statamic_View::...', false)
#10 /var/www/html/_app/core/tags/theme/pi.theme.php(28): Parse::template('<a class="fancy...', Array, 'Statamic_View::...')
#11 /var/www/html/_app/core/view.php(207): Plugin_theme->partial()
#12 [internal function]: Statamic_View::callback('theme:partial', Array, '')
#13 /var/www/html/_app/vendor/Lex/Parser.php(384): call_user_func_array(Array, Array)
#14 /var/www/html/_app/vendor/Lex/Parser.php(109): Lex\Parser->parseCallbackTags('<p>{{ theme:par...', Array, Array)
#15 /var/www/html/_app/core/api/parse.php(40): Lex\Parser->parse('<p>{{ theme:par...', Array, Array, false)
#16 /var/www/html/_app/core/api/content.php(53): Parse::template('<p>{{ theme:par...', Array)
#17 /var/www/html/_app/core/contentset.php(566): Content::parse('{{ theme:partia...', Array)
#18 /var/www/html/_app/core/contentset.php(755): ContentSet->prepare(true)
#19 /var/www/html/_app/core/tags/entries/pi.entries.php(61): ContentSet->get(true)
#20 /var/www/html/_app/core/view.php(207): Plugin_entries->listing()
#21 [internal function]: Statamic_View->callback('entries:listing', Array, '? <div class="s...')
#22 /var/www/html/_app/vendor/Lex/Parser.php(384): call_user_func_array(Array, Array)
#23 /var/www/html/_app/vendor/Lex/Parser.php(109): Lex\Parser->parseCallbackTags('{{ entries:pagi...', Array, Array)
#24 /var/www/html/_app/core/view.php(80): Lex\Parser->parse('{{ entries:pagi...', Array, Array, false)
#25 /var/www/html/_app/vendor/Slim/View.php(195): Statamic_View->render(NULL)
#26 /var/www/html/_app/vendor/Slim/View.php(182): Slim\View->fetch(NULL)
#27 /var/www/html/_app/vendor/Slim/Slim.php(672): Slim\View->display(NULL)
#28 /var/www/html/_app/routes.php(366): Slim\Slim->render(NULL, Array, 200)
#29 [internal function]: {closure}()
#30 /var/www/html/_app/vendor/Slim/Router.php(172): call_user_func_array(Object(Closure), Array)
#31 /var/www/html/_app/vendor/Slim/Slim.php(1222): Slim\Router->dispatch(Object(Slim\Route))
#32 /var/www/html/_app/vendor/Slim/Middleware/Flash.php(86): Slim\Slim->call()
#33 /var/www/html/_app/vendor/Slim/Middleware/MethodOverride.php(94): Slim\Middleware\Flash->call()
#34 /var/www/html/_app/vendor/Slim/Middleware/PrettyExceptions.php(67): Slim\Middleware\MethodOverride->call()
#35 /var/www/html/_app/vendor/Slim/Slim.php(1174): Slim\Middleware\PrettyExceptions->call()
#36 /var/www/html/index.php(65): Slim\Slim->run()
#37 {main}
