FATAL|Wed, 22 Jan 2014 16:26:03 -0500|Markup|markdown|/|::1|dev|Array to string conversion on line 320.
exception 'ErrorException' with message 'Array to string conversion' in /Users/erik/Dropbox/dev/td/_app/vendor/Markup/markdown.php:320
Stack trace:
#0 [internal function]: Slim\Slim::handleErrors(8, 'Array to string...', '/Users/erik/Dro...', 320, Array)
#1 /Users/erik/Dropbox/dev/td/_app/vendor/Markup/markdown.php(320): preg_replace('{^\xEF\xBB\xBF|...', '', Array)
#2 /Users/erik/Dropbox/dev/td/_app/vendor/Markup/markdown.php(71): Markdown_Parser->transform(Array)
#3 /Users/erik/Dropbox/dev/td/_app/vendor/Lex/Parser.php(1109): Markdown(Array)
#4 /Users/erik/Dropbox/dev/td/_app/vendor/Lex/Parser.php(235): Lex\Parser->getVariable('caption|markdow...', Array, '__lex_no_value_...')
#5 /Users/erik/Dropbox/dev/td/_app/vendor/Lex/Parser.php(105): Lex\Parser->parseVariables(' <div class="sh...', Array, Array)
#6 /Users/erik/Dropbox/dev/td/_app/core/api/parse.php(40): Lex\Parser->parse('? <div class="s...', Array, Array, false)
#7 /Users/erik/Dropbox/dev/td/_app/core/api/parse.php(71): Parse::template('? <div class="s...', Array)
#8 /Users/erik/Dropbox/dev/td/_app/core/tags/entries/pi.entries.php(61): Parse::tagLoop('? <div class="s...', Array)
#9 /Users/erik/Dropbox/dev/td/_app/core/view.php(207): Plugin_entries->listing()
#10 [internal function]: Statamic_View->callback('entries:listing', Array, '? <div class="s...')
#11 /Users/erik/Dropbox/dev/td/_app/vendor/Lex/Parser.php(384): call_user_func_array(Array, Array)
#12 /Users/erik/Dropbox/dev/td/_app/vendor/Lex/Parser.php(109): Lex\Parser->parseCallbackTags('{{ entries:pagi...', Array, Array)
#13 /Users/erik/Dropbox/dev/td/_app/core/view.php(80): Lex\Parser->parse('{{ entries:pagi...', Array, Array, false)
#14 /Users/erik/Dropbox/dev/td/_app/vendor/Slim/View.php(195): Statamic_View->render(NULL)
#15 /Users/erik/Dropbox/dev/td/_app/vendor/Slim/View.php(182): Slim\View->fetch(NULL)
#16 /Users/erik/Dropbox/dev/td/_app/vendor/Slim/Slim.php(672): Slim\View->display(NULL)
#17 /Users/erik/Dropbox/dev/td/_app/routes.php(366): Slim\Slim->render(NULL, Array, 200)
#18 [internal function]: {closure}()
#19 /Users/erik/Dropbox/dev/td/_app/vendor/Slim/Router.php(172): call_user_func_array(Object(Closure), Array)
#20 /Users/erik/Dropbox/dev/td/_app/vendor/Slim/Slim.php(1222): Slim\Router->dispatch(Object(Slim\Route))
#21 /Users/erik/Dropbox/dev/td/_app/vendor/Slim/Middleware/Flash.php(86): Slim\Slim->call()
#22 /Users/erik/Dropbox/dev/td/_app/vendor/Slim/Middleware/MethodOverride.php(94): Slim\Middleware\Flash->call()
#23 /Users/erik/Dropbox/dev/td/_app/vendor/Slim/Middleware/PrettyExceptions.php(67): Slim\Middleware\MethodOverride->call()
#24 /Users/erik/Dropbox/dev/td/_app/vendor/Slim/Slim.php(1174): Slim\Middleware\PrettyExceptions->call()
#25 /Users/erik/Dropbox/dev/td/index.php(65): Slim\Slim->run()
#26 {main}
ERROR|Wed, 22 Jan 2014 18:05:30 -0500|page|content|/episodes/064-finding-your-way-with-gps|::1|dev|404 - Page not found. There is a bad link on <a href="/">/</a>.
